Warning: you requested the nanomsg event logger, but bmv2 was compiled without -DBMELOG, and the event logger cannot be activated
Calling target program-options parser
[21:15:11.214] [bmv2] [D] [thread 27892] Set default default entry for table 'MyIngress.ipv4_lpm': NoAction - 
Adding interface s2-eth1 as port 1
[21:15:11.214] [bmv2] [D] [thread 27892] Adding interface s2-eth1 as port 1
Adding interface s2-eth2 as port 2
[21:15:11.241] [bmv2] [D] [thread 27892] Adding interface s2-eth2 as port 2
Adding interface s2-eth3 as port 3
[21:15:11.273] [bmv2] [D] [thread 27892] Adding interface s2-eth3 as port 3
Adding interface s2-eth4 as port 4
[21:15:11.301] [bmv2] [D] [thread 27892] Adding interface s2-eth4 as port 4
[21:15:11.333] [bmv2] [I] [thread 27892] Starting Thrift server on port 9091
[21:15:11.333] [bmv2] [I] [thread 27892] Thrift server was started
[21:15:11.353] [bmv2] [D] [thread 27898] [0.0] [cxt 0] Processing packet received on port 3
[21:15:11.353] [bmv2] [D] [thread 27898] [0.0] [cxt 0] Parser 'parser': start
[21:15:11.353] [bmv2] [D] [thread 27898] [0.0] [cxt 0] Parser 'parser' entering state 'start'
[21:15:11.353] [bmv2] [D] [thread 27898] [0.0] [cxt 0] Extracting header 'ethernet'
[21:15:11.353] [bmv2] [D] [thread 27898] [0.0] [cxt 0] Parser state 'start': key is 86dd
[21:15:11.353] [bmv2] [T] [thread 27898] [0.0] [cxt 0] Bytes parsed: 14
[21:15:11.353] [bmv2] [D] [thread 27898] [0.0] [cxt 0] Parser 'parser': end
[21:15:11.353] [bmv2] [D] [thread 27898] [0.0] [cxt 0] Pipeline 'ingress': start
[21:15:11.353] [bmv2] [T] [thread 27898] [0.0] [cxt 0] /home/jasmin/p4-tools/p4-learning/examples/firewall_jasmin/ip_forwarding.p4(128) Condition "hdr.ipv4.isValid()" (node_2) is false
[21:15:11.353] [bmv2] [D] [thread 27898] [0.0] [cxt 0] Pipeline 'ingress': end
[21:15:11.353] [bmv2] [D] [thread 27898] [0.0] [cxt 0] Egress port is 0
[21:15:11.353] [bmv2] [D] [thread 27899] [0.0] [cxt 0] Pipeline 'egress': start
[21:15:11.353] [bmv2] [D] [thread 27899] [0.0] [cxt 0] Pipeline 'egress': end
[21:15:11.353] [bmv2] [D] [thread 27899] [0.0] [cxt 0] Deparser 'deparser': start
[21:15:11.353] [bmv2] [T] [thread 27899] [0.0] [cxt 0] Skipping checksum 'cksum' update because condition not met
[21:15:11.353] [bmv2] [D] [thread 27899] [0.0] [cxt 0] Deparsing header 'ethernet'
[21:15:11.353] [bmv2] [D] [thread 27899] [0.0] [cxt 0] Deparser 'deparser': end
[21:15:11.353] [bmv2] [D] [thread 27903] [0.0] [cxt 0] Transmitting packet of size 86 out of port 0
[21:15:11.489] [bmv2] [D] [thread 27898] [1.0] [cxt 0] Processing packet received on port 2
[21:15:11.489] [bmv2] [D] [thread 27898] [1.0] [cxt 0] Parser 'parser': start
[21:15:11.489] [bmv2] [D] [thread 27898] [1.0] [cxt 0] Parser 'parser' entering state 'start'
[21:15:11.489] [bmv2] [D] [thread 27898] [1.0] [cxt 0] Extracting header 'ethernet'
[21:15:11.489] [bmv2] [D] [thread 27898] [1.0] [cxt 0] Parser state 'start': key is 86dd
[21:15:11.489] [bmv2] [T] [thread 27898] [1.0] [cxt 0] Bytes parsed: 14
[21:15:11.489] [bmv2] [D] [thread 27898] [1.0] [cxt 0] Parser 'parser': end
[21:15:11.489] [bmv2] [D] [thread 27898] [1.0] [cxt 0] Pipeline 'ingress': start
[21:15:11.489] [bmv2] [T] [thread 27898] [1.0] [cxt 0] /home/jasmin/p4-tools/p4-learning/examples/firewall_jasmin/ip_forwarding.p4(128) Condition "hdr.ipv4.isValid()" (node_2) is false
[21:15:11.489] [bmv2] [D] [thread 27898] [1.0] [cxt 0] Pipeline 'ingress': end
[21:15:11.489] [bmv2] [D] [thread 27898] [1.0] [cxt 0] Egress port is 0
[21:15:11.489] [bmv2] [D] [thread 27899] [1.0] [cxt 0] Pipeline 'egress': start
[21:15:11.489] [bmv2] [D] [thread 27899] [1.0] [cxt 0] Pipeline 'egress': end
[21:15:11.489] [bmv2] [D] [thread 27899] [1.0] [cxt 0] Deparser 'deparser': start
[21:15:11.489] [bmv2] [T] [thread 27899] [1.0] [cxt 0] Skipping checksum 'cksum' update because condition not met
[21:15:11.489] [bmv2] [D] [thread 27899] [1.0] [cxt 0] Deparsing header 'ethernet'
[21:15:11.489] [bmv2] [D] [thread 27899] [1.0] [cxt 0] Deparser 'deparser': end
[21:15:11.489] [bmv2] [D] [thread 27903] [1.0] [cxt 0] Transmitting packet of size 90 out of port 0
[21:15:11.513] [bmv2] [D] [thread 27898] [2.0] [cxt 0] Processing packet received on port 3
[21:15:11.513] [bmv2] [D] [thread 27898] [2.0] [cxt 0] Parser 'parser': start
[21:15:11.513] [bmv2] [D] [thread 27898] [2.0] [cxt 0] Parser 'parser' entering state 'start'
[21:15:11.513] [bmv2] [D] [thread 27898] [2.0] [cxt 0] Extracting header 'ethernet'
[21:15:11.513] [bmv2] [D] [thread 27898] [2.0] [cxt 0] Parser state 'start': key is 86dd
[21:15:11.513] [bmv2] [T] [thread 27898] [2.0] [cxt 0] Bytes parsed: 14
[21:15:11.513] [bmv2] [D] [thread 27898] [2.0] [cxt 0] Parser 'parser': end
[21:15:11.513] [bmv2] [D] [thread 27898] [2.0] [cxt 0] Pipeline 'ingress': start
[21:15:11.513] [bmv2] [T] [thread 27898] [2.0] [cxt 0] /home/jasmin/p4-tools/p4-learning/examples/firewall_jasmin/ip_forwarding.p4(128) Condition "hdr.ipv4.isValid()" (node_2) is false
[21:15:11.513] [bmv2] [D] [thread 27898] [2.0] [cxt 0] Pipeline 'ingress': end
[21:15:11.513] [bmv2] [D] [thread 27898] [2.0] [cxt 0] Egress port is 0
[21:15:11.513] [bmv2] [D] [thread 27899] [2.0] [cxt 0] Pipeline 'egress': start
[21:15:11.513] [bmv2] [D] [thread 27899] [2.0] [cxt 0] Pipeline 'egress': end
[21:15:11.513] [bmv2] [D] [thread 27899] [2.0] [cxt 0] Deparser 'deparser': start
[21:15:11.513] [bmv2] [T] [thread 27899] [2.0] [cxt 0] Skipping checksum 'cksum' update because condition not met
[21:15:11.513] [bmv2] [D] [thread 27899] [2.0] [cxt 0] Deparsing header 'ethernet'
[21:15:11.513] [bmv2] [D] [thread 27899] [2.0] [cxt 0] Deparser 'deparser': end
[21:15:11.513] [bmv2] [D] [thread 27903] [2.0] [cxt 0] Transmitting packet of size 90 out of port 0
[21:15:11.672] [bmv2] [T] [thread 28003] bm_get_config
[21:15:11.673] [bmv2] [T] [thread 28003] bm_set_default_action
[21:15:11.673] [bmv2] [D] [thread 28003] Set default entry for table 'MyIngress.ipv4_lpm': MyIngress.drop - 
[21:15:11.674] [bmv2] [T] [thread 28003] bm_table_add_entry
[21:15:11.674] [bmv2] [D] [thread 28003] Entry 0 added to table 'MyIngress.ipv4_lpm'
[21:15:11.674] [bmv2] [D] [thread 28003] Dumping entry 0
Match key:
* hdr.ipv4.dstAddr    : LPM       0a000203/32
Action entry: MyIngress.ipv4_forward - a000203,1,

[21:15:11.674] [bmv2] [T] [thread 28003] bm_table_add_entry
[21:15:11.674] [bmv2] [D] [thread 28003] Entry 1 added to table 'MyIngress.ipv4_lpm'
[21:15:11.674] [bmv2] [D] [thread 28003] Dumping entry 1
Match key:
* hdr.ipv4.dstAddr    : LPM       0a000204/32
Action entry: MyIngress.ipv4_forward - a000204,2,

[21:15:11.674] [bmv2] [T] [thread 28003] bm_table_add_entry
[21:15:11.674] [bmv2] [D] [thread 28003] Entry 2 added to table 'MyIngress.ipv4_lpm'
[21:15:11.674] [bmv2] [D] [thread 28003] Dumping entry 2
Match key:
* hdr.ipv4.dstAddr    : LPM       0a010101/24
Action entry: MyIngress.ipv4_forward - b680a507e212,3,

[21:15:11.675] [bmv2] [T] [thread 28003] bm_table_add_entry
[21:15:11.675] [bmv2] [D] [thread 28003] Entry 3 added to table 'MyIngress.ipv4_lpm'
[21:15:11.675] [bmv2] [D] [thread 28003] Dumping entry 3
Match key:
* hdr.ipv4.dstAddr    : LPM       0a000102/24
Action entry: MyIngress.ipv4_forward - ce3dd7ccf536,4,

