Warning: you requested the nanomsg event logger, but bmv2 was compiled without -DBMELOG, and the event logger cannot be activated
Calling target program-options parser
[21:15:11.344] [bmv2] [D] [thread 27905] Set default default entry for table 'MyIngress.ipv4_lpm': NoAction - 
Adding interface s3-eth1 as port 1
[21:15:11.345] [bmv2] [D] [thread 27905] Adding interface s3-eth1 as port 1
Adding interface s3-eth2 as port 2
[21:15:11.369] [bmv2] [D] [thread 27905] Adding interface s3-eth2 as port 2
[21:15:11.401] [bmv2] [I] [thread 27905] Starting Thrift server on port 9092
[21:15:11.401] [bmv2] [I] [thread 27905] Thrift server was started
[21:15:11.513] [bmv2] [D] [thread 27911] [0.0] [cxt 0] Processing packet received on port 2
[21:15:11.513] [bmv2] [D] [thread 27911] [0.0] [cxt 0] Parser 'parser': start
[21:15:11.513] [bmv2] [D] [thread 27911] [0.0] [cxt 0] Parser 'parser' entering state 'start'
[21:15:11.513] [bmv2] [D] [thread 27911] [0.0] [cxt 0] Extracting header 'ethernet'
[21:15:11.513] [bmv2] [D] [thread 27911] [0.0] [cxt 0] Parser state 'start': key is 86dd
[21:15:11.513] [bmv2] [T] [thread 27911] [0.0] [cxt 0] Bytes parsed: 14
[21:15:11.513] [bmv2] [D] [thread 27911] [0.0] [cxt 0] Parser 'parser': end
[21:15:11.513] [bmv2] [D] [thread 27911] [0.0] [cxt 0] Pipeline 'ingress': start
[21:15:11.513] [bmv2] [T] [thread 27911] [0.0] [cxt 0] /home/jasmin/p4-tools/p4-learning/examples/firewall_jasmin/ip_forwarding.p4(128) Condition "hdr.ipv4.isValid()" (node_2) is false
[21:15:11.513] [bmv2] [D] [thread 27911] [0.0] [cxt 0] Pipeline 'ingress': end
[21:15:11.513] [bmv2] [D] [thread 27911] [0.0] [cxt 0] Egress port is 0
[21:15:11.513] [bmv2] [D] [thread 27912] [0.0] [cxt 0] Pipeline 'egress': start
[21:15:11.513] [bmv2] [D] [thread 27912] [0.0] [cxt 0] Pipeline 'egress': end
[21:15:11.513] [bmv2] [D] [thread 27912] [0.0] [cxt 0] Deparser 'deparser': start
[21:15:11.513] [bmv2] [T] [thread 27912] [0.0] [cxt 0] Skipping checksum 'cksum' update because condition not met
[21:15:11.513] [bmv2] [D] [thread 27912] [0.0] [cxt 0] Deparsing header 'ethernet'
[21:15:11.513] [bmv2] [D] [thread 27912] [0.0] [cxt 0] Deparser 'deparser': end
[21:15:11.513] [bmv2] [D] [thread 27916] [0.0] [cxt 0] Transmitting packet of size 90 out of port 0
[21:15:11.735] [bmv2] [T] [thread 28005] bm_get_config
[21:15:11.736] [bmv2] [T] [thread 28005] bm_set_default_action
[21:15:11.736] [bmv2] [D] [thread 28005] Set default entry for table 'MyIngress.ipv4_lpm': MyIngress.drop - 
[21:15:11.737] [bmv2] [T] [thread 28005] bm_table_add_entry
[21:15:11.737] [bmv2] [D] [thread 28005] Entry 0 added to table 'MyIngress.ipv4_lpm'
[21:15:11.737] [bmv2] [D] [thread 28005] Dumping entry 0
Match key:
* hdr.ipv4.dstAddr    : LPM       0a000101/32
Action entry: MyIngress.ipv4_forward - 9a998a0e8c1b,1,

[21:15:11.737] [bmv2] [T] [thread 28005] bm_table_add_entry
[21:15:11.737] [bmv2] [D] [thread 28005] Entry 1 added to table 'MyIngress.ipv4_lpm'
[21:15:11.737] [bmv2] [D] [thread 28005] Dumping entry 1
Match key:
* hdr.ipv4.dstAddr    : LPM       0a000102/32
Action entry: MyIngress.ipv4_forward - 9a998a0e8c1b,1,

[21:15:11.737] [bmv2] [T] [thread 28005] bm_table_add_entry
[21:15:11.737] [bmv2] [D] [thread 28005] Entry 2 added to table 'MyIngress.ipv4_lpm'
[21:15:11.737] [bmv2] [D] [thread 28005] Dumping entry 2
Match key:
* hdr.ipv4.dstAddr    : LPM       0a000203/32
Action entry: MyIngress.ipv4_forward - 9a998a0e8caa,2,

[21:15:11.738] [bmv2] [T] [thread 28005] bm_table_add_entry
[21:15:11.738] [bmv2] [D] [thread 28005] Entry 3 added to table 'MyIngress.ipv4_lpm'
[21:15:11.738] [bmv2] [D] [thread 28005] Dumping entry 3
Match key:
* hdr.ipv4.dstAddr    : LPM       0a000204/32
Action entry: MyIngress.ipv4_forward - 9a998a0e8caa,2,

