Obtaining JSON from switch...
Done
Control utility for runtime P4 table manipulation
RuntimeCmd: Setting default action of ipv4_lpm
action:              drop
runtime data:        
RuntimeCmd: Adding entry to lpm match table ipv4_lpm
match key:           LPM-0a:00:02:03/32
action:              ipv4_forward
runtime data:        9a:99:8a:0e:3c:1b	00:01
Entry has been added with handle 0
RuntimeCmd: Adding entry to lpm match table ipv4_lpm
match key:           LPM-0a:00:02:04/24
action:              ipv4_forward
runtime data:        9a:99:8a:0e:3c:1b	00:01
Entry has been added with handle 1
RuntimeCmd: Adding entry to lpm match table ipv4_lpm
match key:           LPM-0a:00:01:01/32
action:              ipv4_forward
runtime data:        9a:99:8a:0e:7c:1b	00:02
Entry has been added with handle 2
RuntimeCmd: Adding entry to lpm match table ipv4_lpm
match key:           LPM-0a:00:01:02/32
action:              ipv4_forward
runtime data:        9a:99:8a:0e:7c:1b	00:02
Entry has been added with handle 3
RuntimeCmd: 
